[docs.donkeycar.com/index.html]
[docs.donkeycar.com/img/favicon.ico]
[backblue.gif]
[fade.gif]
[index.html]
[docs.donkeycar.com/css/theme.css]
[docs.donkeycar.com/css/theme_extra.css]
[cdnjs.cloudflare.com/ajax/libs/highlight.js/10.5.0/styles/github.min.css]
[docs.donkeycar.com/.html]
[docs.donkeycar.com/guide/build_hardware/index.html]
[docs.donkeycar.com/guide/install_software/index.html]
[docs.donkeycar.com/js/jquery-3.6.0.min.js]
[docs.donkeycar.com/guide/create_application/index.html]
[docs.donkeycar.com/guide/calibrate/index.html]
[docs.donkeycar.com/guide/get_driving/index.html]
[docs.donkeycar.com/guide/train_autopilot/index.html]
[docs.donkeycar.com/utility/ui/index.html]
[docs.donkeycar.com/guide/deep_learning/simulator/index.html]
[docs.donkeycar.com/guide/deep_learning/virtual_race_league/index.html]
[docs.donkeycar.com/guide/deep_learning/mobile_app/index.html]
[docs.donkeycar.com/parts/about/index.html]
[docs.donkeycar.com/parts/actuators/index.html]
[docs.donkeycar.com/parts/controllers/index.html]
[cdnjs.cloudflare.com/ajax/libs/highlight.js/10.5.0/highlight.min.js]
[docs.donkeycar.com/parts/odometry/index.html]
[docs.donkeycar.com/js/theme_extra.js]
[docs.donkeycar.com/parts/rc/index.html]
[docs.donkeycar.com/parts/rc_hat/index.html]
[docs.donkeycar.com/parts/keras/index.html]
[docs.donkeycar.com/parts/stores/index.html]
[docs.donkeycar.com/parts/fastai/index.html]
[docs.donkeycar.com/index.html]
[docs.donkeycar.com/js/theme.js]
[docs.donkeycar.com/parts/imu/index.html]
[docs.donkeycar.com/parts/lidar/index.html]
[docs.donkeycar.com/parts/oled/index.html]
[docs.donkeycar.com/parts/pins/index.html]
[docs.donkeycar.com/parts/voice_control/index.html]
[docs.donkeycar.com/parts/stop_sign_detection/index.html]
[docs.donkeycar.com/utility/donkey/index.html]
[docs.donkeycar.com/css/fonts/fontawesome-webfontbb99.woff2]
[docs.donkeycar.com/dev_guide/contribute/index.html]
[docs.donkeycar.com/dev_guide/tests/index.html]
[docs.donkeycar.com/css/fonts/fontawesome-webfontce29.woff]
[docs.donkeycar.com/css/fonts/fontawesome-webfont2967.eot]
[docs.donkeycar.com/dev_guide/model/index.html]
[docs.donkeycar.com/cars/supported_cars/index.html]
[docs.donkeycar.com/cars/roll_your_own/index.html]
[docs.donkeycar.com/support/faq/index.html]
[docs.donkeycar.com/css/fonts/fontawesome-webfont2f98.svg]
[docs.donkeycar.com/support/legacy/index.html]
[docs.donkeycar.com/css/fonts/lato-normal96f5.woff2]
[docs.donkeycar.com/css/fonts/fontawesome-webfontfb78.eot]
[docs.donkeycar.com/css/fonts/lato-normal86b9.woff]
[docs.donkeycar.com/css/fonts/lato-bold9f03.woff2]
[docs.donkeycar.com/css/fonts/fontawesome-webfont1bb7.ttf]
[docs.donkeycar.com/css/fonts/lato-bolda132.woff]
[docs.donkeycar.com/css/fonts/lato-bold-italic01fb.woff2]
[docs.donkeycar.com/css/fonts/lato-bold-italic08c2.woff]
[docs.donkeycar.com/css/fonts/lato-normal-italicd12e.woff2]
[docs.donkeycar.com/css/fonts/lato-normal-italic9875.woff]
[docs.donkeycar.com/css/fonts/Roboto-Slab-Regular2a4d.woff2]
[docs.donkeycar.com/css/fonts/Roboto-Slab-Regular4c99.woff]
[docs.donkeycar.com/css/fonts/Roboto-Slab-Bold1abf.woff2]
[docs.donkeycar.com/css/fonts/Roboto-Slab-Boldff6a.woff]
[docs.donkeycar.com/css/theme.css]
[docs.donkeycar.com/css/theme_extra.css]
[cdnjs.cloudflare.com/ajax/libs/highlight.js/10.5.0/styles/github.min.css]
[docs.donkeycar.com/extra.css]
[docs.donkeycar.com/.html]
[docs.donkeycar.com/assets/build_hardware/donkey.png]
[docs.donkeycar.com/assets/HW_Video.png]
[docs.donkeycar.com/assets/Jetson_Adapter.jpg]
[docs.donkeycar.com/assets/Servo_Wiring.png]
[docs.donkeycar.com/assets/Jetbot_Assembled.png]
[docs.donkeycar.com/assets/Sombrero_assembled.jpg]
[docs.donkeycar.com/assets/build_hardware/traxxas.png]
[docs.donkeycar.com/assets/build_hardware/2a.png]
[docs.donkeycar.com/assets/build_hardware/2b.png]
[docs.donkeycar.com/assets/build_hardware/4a.png]
[docs.donkeycar.com/assets/build_hardware/4b.png]
[docs.donkeycar.com/assets/build_hardware/5ab.png]
[docs.donkeycar.com/assets/build_hardware/assemble_camera.jpg]
[docs.donkeycar.com/assets/build_hardware/Remove--good.jpg]
[docs.donkeycar.com/assets/build_hardware/Remove--bad.jpg]
[docs.donkeycar.com/assets/build_hardware/6a.png]
[docs.donkeycar.com/assets/build_hardware/6b.png]
[docs.donkeycar.com/assets/build_hardware/7a.png]
[docs.donkeycar.com/assets/build_hardware/7b.png]
[docs.donkeycar.com/assets/build_hardware/Desert_Monster_adapter.png]
[docs.donkeycar.com/assets/build_hardware/donkey2.png]
[docs.donkeycar.com/guide/build_hardware/index.html]
[docs.donkeycar.com/assets/logos/linux_logo.png]
[docs.donkeycar.com/guide/host_pc/setup_ubuntu/index.html]
[docs.donkeycar.com/assets/logos/windows_logo.png]
[docs.donkeycar.com/guide/host_pc/setup_windows/index.html]
[docs.donkeycar.com/assets/logos/apple_logo.jpg]
[docs.donkeycar.com/guide/host_pc/setup_mac/index.html]
[docs.donkeycar.com/assets/logos/rpi_logo.png]
[docs.donkeycar.com/guide/robot_sbc/setup_raspberry_pi/index.html]
[docs.donkeycar.com/assets/logos/nvidia_logo.png]
[docs.donkeycar.com/guide/robot_sbc/setup_jetson_nano/index.html]
[docs.donkeycar.com/guide/robot_sbc/intelt265/index.html]
[docs.donkeycar.com/guide/robot_sbc/tensorrt_jetson_nano/index.html]
[docs.donkeycar.com/guide/install_software/index.html]
[docs.donkeycar.com/guide/create_application/index.html]
[docs.donkeycar.com/assets/fine_calibration.gif]
[docs.donkeycar.com/guide/parts/rc_hat.md/index.html]
[docs.donkeycar.com/assets/calibration_graph.png]
[docs.donkeycar.com/guide/calibrate/build_hardware.md/index.html]
[docs.donkeycar.com/guide/parts/rc_hat/index.html]
[docs.donkeycar.com/guide/calibrate/index.html]
[docs.donkeycar.com/assets/web_controller.png]
[docs.donkeycar.com/guide/deep_learning/train_autopilot/index.html]
[docs.donkeycar.com/guide/get_driving/index.html]
[docs.donkeycar.com/guide/path_follow/path_follow/index.html]
[docs.donkeycar.com/guide/train_autopilot/index.html]
[docs.donkeycar.com/assets/ui-tub-manager.png]
[docs.donkeycar.com/assets/ui-tub-manager-2.png]
[docs.donkeycar.com/assets/ui-trainer.png]
[docs.donkeycar.com/assets/ui-pilot-arena.png]
[docs.donkeycar.com/assets/ui-car-connector-1.png]
[img.youtube.com/vi/J5-zHNeNebQ/0.jpg]
[docs.donkeycar.com/utility/ui/index.html]
[docs.donkeycar.com/docs/assets/sim_screen_shot.57.delayed]
[docs.donkeycar.com/docs/guide/install_software.md]
[docs.donkeycar.com/guide/deep_learning/simulator/index.html]
[docs.donkeycar.com/docs/assets/virtual_race_league.jpg]
[docs.donkeycar.com/docs/guide/deep_learning/simulator.md]
[docs.donkeycar.com/guide/deep_learning/virtual_race_league/index.html]
[docs.donkeycar.com/docs/assets/mobile_app/cover.png]
[docs.donkeycar.com/docs/assets/mobile_app/search-vehicle.png]
[docs.donkeycar.com/docs/assets/mobile_app/calibration.png]
[docs.donkeycar.com/docs/assets/mobile_app/drive-ui.gif]
[docs.donkeycar.com/docs/assets/mobile_app/drive-summary.png]
[docs.donkeycar.com/docs/assets/mobile_app/data.png]
[docs.donkeycar.com/docs/assets/mobile_app/train.png]
[docs.donkeycar.com/docs/assets/mobile_app/autopilot.gif]
[docs.donkeycar.com/docs/assets/mobile_app/advanced-configuration.png]
[docs.donkeycar.com/docs/guide/robot_sbc/setup_raspberry_pi.md]
[docs.donkeycar.com/guide/deep_learning/mobile_app/index.html]
[docs.donkeycar.com/parts/about/index.html]
[docs.donkeycar.com/assets/parts/Servomotor_Timing_Diagram.svg]
[docs.donkeycar.com/assets/Arduino_actuator_blk_dgm.jpg]
[docs.donkeycar.com/assets/Arduino_firmata_sketch.jpg]
[docs.donkeycar.com/assets/ArduinoWiring.png]
[docs.donkeycar.com/parts/actuators/index.html]
[docs.donkeycar.com/assets/rc_hat.jpg]
[docs.donkeycar.com/parts/controllers/index.html]
[docs.donkeycar.com/assets/driveshaft.jpg]
[docs.donkeycar.com/assets/encoder1.jpg]
[docs.donkeycar.com/assets/encoder2.jpg]
[docs.donkeycar.com/assets/cuthere.jpg]
[docs.donkeycar.com/assets/encoder_inplace.jpg]
[docs.donkeycar.com/assets/encoder_wiring.jpg]
[docs.donkeycar.com/parts/odometry/index.html]
[docs.donkeycar.com/assets/parts/rchat.png]
[docs.donkeycar.com/assets/rc.png]
[docs.donkeycar.com/assets/rc.jpg]
[docs.donkeycar.com/parts/rc/index.html]
[docs.donkeycar.com/parts/rc_hat/index.html]
[docs.donkeycar.com/parts/keras/index.html]
[docs.donkeycar.com/parts/stores/index.html]
[docs.donkeycar.com/parts/fastai/index.html]
[docs.donkeycar.com/parts/imu/index.html]
[docs.donkeycar.com/assets/lidar.jpg]
[docs.donkeycar.com/assets/lidar_angle.png]
[docs.donkeycar.com/parts/lidar/index.html]
[cdn-shop.adafruit.com/1200x900/3527-04.jpg]
[docs.donkeycar.com/parts/oled/index.html]
[docs.donkeycar.com/parts/pins/index.html]
[docs.donkeycar.com/assets/parts/voice_control/alexa_overview.png]
[img.youtube.com/vi/Q3kYmy0yjmc/0.jpg]
[docs.donkeycar.com/parts/voice_control/index.html]
[docs.donkeycar.com/assets/parts/stop_sign_detection/demo.mp4]
[docs.donkeycar.com/parts/stop_sign_detection/index.html]
[docs.donkeycar.com/utility/donkey/index.html]
[docs.donkeycar.com/docs/dev_guide/docs]
[docs.donkeycar.com/dev_guide/contribute/index.html]
[docs.donkeycar.com/dev_guide/tests/index.html]
[docs.donkeycar.com/dev_guide/model/index.html]
[docs.donkeycar.com/assets/build_hardware/Desert_Monster.png]
[docs.donkeycar.com/cars/supported_cars/assets/Latrax.7c.delayed]
[docs.donkeycar.com/assets/screw_assy.jpg]
[docs.donkeycar.com/assets/build_hardware/TT01.png]
[docs.donkeycar.com/cars/supported_cars/index.html]
[docs.donkeycar.com/roll_your_own/index.html]
[docs.donkeycar.com/assets/build_hardware/Crunch.png]
[docs.donkeycar.com/assets/ESC_RX.png]
[docs.donkeycar.com/cars/roll_your_own/index.html]
[docs.donkeycar.com/support/faq/index.html]
[docs.donkeycar.com/assets/build_hardware/3a.png]
[docs.donkeycar.com/assets/build_hardware/3b.png]
[docs.donkeycar.com/support/legacy/index.html]
[docs.donkeycar.com/css/fonts/fontawesome-webfont2f98.svg]
[docs.donkeycar.com/guide/host_pc/setup_ubuntu/index.html]
[docs.donkeycar.com/guide/host_pc/setup_windows/index.html]
[docs.donkeycar.com/guide/host_pc/setup_mac/index.html]
[docs.donkeycar.com/guide/robot_sbc/setup_raspberry_pi/index.html]
[docs.donkeycar.com/guide/robot_sbc/setup_jetson_nano/index.html]
[docs.donkeycar.com/guide/robot_sbc/intelt265/index.html]
[docs.donkeycar.com/guide/robot_sbc/tensorrt_jetson_nano/index.html]
[docs.donkeycar.com/guide/parts/rc_hat.md/index.html]
[docs.donkeycar.com/guide/calibrate/build_hardware.md/index.html]
[docs.donkeycar.com/guide/parts/rc_hat/index.html]
[docs.donkeycar.com/docs/guide/robot_sbc/tensorrt_jetson_nano.md]
[docs.donkeycar.com/guide/deep_learning/train_autopilot/index.html]
[docs.donkeycar.com/guide/path_follow/path_follow/index.html]
[docs.donkeycar.com/docs/assets/sim_screen_shot.html]
[docs.donkeycar.com/docs/guide/install_software.html]
[docs.donkeycar.com/docs/assets/virtual_race_league.html]
[docs.donkeycar.com/docs/guide/deep_learning/simulator.html]
[docs.donkeycar.com/docs/assets/mobile_app/cover.html]
[docs.donkeycar.com/docs/assets/mobile_app/search-vehicle.html]
[docs.donkeycar.com/docs/assets/mobile_app/calibration.html]
[docs.donkeycar.com/docs/assets/mobile_app/drive-ui.html]
[docs.donkeycar.com/docs/assets/mobile_app/drive-summary.html]
[docs.donkeycar.com/docs/assets/mobile_app/data.html]
[docs.donkeycar.com/docs/assets/mobile_app/train.html]
[docs.donkeycar.com/docs/assets/mobile_app/autopilot.html]
[docs.donkeycar.com/docs/assets/mobile_app/advanced-configuration.html]
[docs.donkeycar.com/docs/guide/robot_sbc/setup_raspberry_pi.html]
[docs.donkeycar.com/assets/parts/Servomotor_Timing_Diagram.svg]
[docs.donkeycar.com/docs/dev_guide/docs.html]
[docs.donkeycar.com/cars/supported_cars/assets/Latrax.html]
[docs.donkeycar.com/roll_your_own/index.html]
[docs.donkeycar.com/docs/guide/robot_sbc/tensorrt_jetson_nano.html]
